gradleBuild/outputs/logs/manifest-merger-debug-report.txt
-- Merging decision tree log ---
manifest
ADDED from speech\speechandroid\AndroidManifest.xml:2:1-35:12
	package
		ADDED from speech\speechandroid\AndroidManifest.xml:3:5-34
	xmlns:android
		ADDED from speech\speechandroid\AndroidManifest.xml:2:11-69
uses-sdk
ADDED from speech\speechandroid\AndroidManifest.xml:5:5-7:41
MERGED from [com.android.support:appcompat-v7:25.1.1] AndroidManifest.xml:21:5-23:78
MERGED from [com.android.support:support-v4:25.1.1] AndroidManifest.xml:21:5-23:54
MERGED from [com.android.support:support-fragment:25.1.1] AndroidManifest.xml:21:5-23:60
MERGED from [com.android.support:support-media-compat:25.1.1] AndroidManifest.xml:21:5-23:63
MERGED from [com.android.support:support-core-ui:25.1.1] AndroidManifest.xml:21:5-23:58
MERGED from [com.android.support:support-core-utils:25.1.1] AndroidManifest.xml:21:5-23:61
MERGED from [com.android.support:animated-vector-drawable:25.1.1] AndroidManifest.xml:20:5-44
MERGED from [com.android.support:support-vector-drawable:25.1.1] AndroidManifest.xml:21:5-43
MERGED from [com.android.support:support-compat:25.1.1] AndroidManifest.xml:21:5-23:58
	tools:overrideLibrary
		ADDED from [com.android.support:appcompat-v7:25.1.1] AndroidManifest.xml:23:9-75
	android:targetSdkVersion
		ADDED from speech\speechandroid\AndroidManifest.xml:7:9-38
	android:minSdkVersion
		ADDED from speech\speechandroid\AndroidManifest.xml:6:9-35
uses-permission#android.permission.WRITE_EXTERNAL_STORAGE
ADDED from speech\speechandroid\AndroidManifest.xml:9:5-81
	android:name
		ADDED from speech\speechandroid\AndroidManifest.xml:9:22-78
uses-permission#android.permission.RECORD_AUDIO
ADDED from speech\speechandroid\AndroidManifest.xml:10:5-71
	android:name
		ADDED from speech\speechandroid\AndroidManifest.xml:10:22-68
application
ADDED from speech\speechandroid\AndroidManifest.xml:12:5-33:19
MERGED from [com.android.support:appcompat-v7:25.1.1] AndroidManifest.xml:25:5-20
MERGED from [com.android.support:support-v4:25.1.1] AndroidManifest.xml:25:5-20
MERGED from [com.android.support:support-fragment:25.1.1] AndroidManifest.xml:25:5-20
MERGED from [com.android.support:support-media-compat:25.1.1] AndroidManifest.xml:25:5-20
MERGED from [com.android.support:support-core-ui:25.1.1] AndroidManifest.xml:25:5-20
MERGED from [com.android.support:support-core-utils:25.1.1] AndroidManifest.xml:25:5-20
MERGED from [com.android.support:animated-vector-drawable:25.1.1] AndroidManifest.xml:22:5-20
MERGED from [com.android.support:support-vector-drawable:25.1.1] AndroidManifest.xml:23:5-20
MERGED from [com.android.support:support-compat:25.1.1] AndroidManifest.xml:25:5-20
	android:label
		ADDED from speech\speechandroid\AndroidManifest.xml:15:9-41
	android:debuggable
		ADDED from speech\speechandroid\AndroidManifest.xml:14:9-34
	android:allowBackup
		ADDED from speech\speechandroid\AndroidManifest.xml:13:9-35
	android:theme
		ADDED from speech\speechandroid\AndroidManifest.xml:16:9-45
activity#org.tensorflow.demo.ResultActivity
ADDED from speech\speechandroid\AndroidManifest.xml:17:9-19:40
	android:exported
		ADDED from speech\speechandroid\AndroidManifest.xml:19:13-37
	android:name
		ADDED from speech\speechandroid\AndroidManifest.xml:18:13-43
activity#org.tensorflow.demo.SplashActivity
ADDED from speech\speechandroid\AndroidManifest.xml:20:9-28:20
	android:exported
		ADDED from speech\speechandroid\AndroidManifest.xml:22:13-36
	android:name
		ADDED from speech\speechandroid\AndroidManifest.xml:21:13-43
intent-filter#android.intent.action.MAIN+android.intent.category.LAUNCHER
ADDED from speech\speechandroid\AndroidManifest.xml:23:13-27:29
action#android.intent.action.MAIN
ADDED from speech\speechandroid\AndroidManifest.xml:24:17-69
	android:name
		ADDED from speech\speechandroid\AndroidManifest.xml:24:25-66
category#android.intent.category.LAUNCHER
ADDED from speech\speechandroid\AndroidManifest.xml:26:17-77
	android:name
		ADDED from speech\speechandroid\AndroidManifest.xml:26:27-74
activity#org.tensorflow.demo.SpeechActivity
ADDED from speech\speechandroid\AndroidManifest.xml:29:9-32:61
	android:screenOrientation
		ADDED from speech\speechandroid\AndroidManifest.xml:32:13-49
	android:label
		ADDED from speech\speechandroid\AndroidManifest.xml:31:13-57
	android:name
		ADDED from speech\speechandroid\AndroidManifest.xml:30:13-43